  [1m[35m (117.2ms)[0m  [1m[35mCREATE DATABASE "leonardo_da_llama_development" ENCODING = 'unicode'[0m
  [1m[35m (112.2ms)[0m  [1m[35mCREATE DATABASE "leonardo_da_llama_development" ENCODING = 'unicode'[0m
  [1m[35m (112.8ms)[0m  [1m[35mCREATE DATABASE "leonardo_da_llama_development" ENCODING = 'unicode'[0m
  [1m[35m (205.8ms)[0m  [1m[35mCREATE DATABASE "leonardo_da_llama_development" ENCODING = 'unicode'[0m
  [1m[35m (267.2ms)[0m  [1m[35mCREATE DATABASE "leonardo_da_llama_development" ENCODING = 'unicode'[0m
  [1m[35m (84.9ms)[0m  [1m[35mCREATE DATABASE "leonardo_da_llama_test" ENCODING = 'unicode'[0m
  [1m[35m (7.2ms)[0m  [1m[35mCREATE TABLE "schema_migrations" ("version" character varying NOT NULL PRIMARY KEY)[0m
  [1m[35m (3.5ms)[0m  [1m[35mCREATE TABLE "ar_internal_metadata" ("key" character varying NOT NULL PRIMARY KEY, "value" character varying, "created_at" timestamp(6) NOT NULL, "updated_at" timestamp(6) NOT NULL)[0m
  [1m[35m (0.2ms)[0m  [1m[34mSELECT pg_try_advisory_lock(5873293169768165715)[0m
  [1m[36mActiveRecord::SchemaMigration Load (1.4ms)[0m  [1m[34mSELECT "schema_migrations"."version" FROM "schema_migrations" ORDER BY "schema_migrations"."version" ASC[0m
  [1m[36mActiveRecord::InternalMetadata Load (1.8ms)[0m  [1m[34mSELECT * FROM "ar_internal_metadata" WHERE "ar_internal_metadata"."key" = $1 ORDER BY "ar_internal_metadata"."key" ASC LIMIT 1[0m  [[nil, "environment"]]
  [1m[36mActiveRecord::InternalMetadata Create (1.8ms)[0m  [1m[32mINSERT INTO "ar_internal_metadata" ("key", "value", "created_at", "updated_at") VALUES ('environment', 'development', '2025-07-19 17:38:56.384077', '2025-07-19 17:38:56.384079') RETURNING "key"[0m
  [1m[35m (0.2ms)[0m  [1m[34mSELECT pg_advisory_unlock(5873293169768165715)[0m
  [1m[36mActiveRecord::SchemaMigration Load (0.2ms)[0m  [1m[34mSELECT "schema_migrations"."version" FROM "schema_migrations" ORDER BY "schema_migrations"."version" ASC[0m
Started GET "/" for ::1 at 2025-07-19 10:39:10 -0700
  [1m[36mActiveRecord::SchemaMigration Load (1.4ms)[0m  [1m[34mSELECT "schema_migrations"."version" FROM "schema_migrations" ORDER BY "schema_migrations"."version" ASC[0m
Processing by Rails::WelcomeController#index as HTML
  Rendering /Users/brianfreardon/.rbenv/versions/3.3.8/lib/ruby/gems/3.3.0/gems/railties-7.2.2.1/lib/rails/templates/rails/welcome/index.html.erb
  Rendered /Users/brianfreardon/.rbenv/versions/3.3.8/lib/ruby/gems/3.3.0/gems/railties-7.2.2.1/lib/rails/templates/rails/welcome/index.html.erb (Duration: 0.4ms | GC: 0.0ms)
Completed 200 OK in 18ms (Views: 4.5ms | ActiveRecord: 0.0ms (0 queries, 0 cached) | GC: 0.0ms)


Started GET "/" for ::1 at 2025-07-19 10:40:33 -0700
  [1m[36mActiveRecord::SchemaMigration Load (1.3ms)[0m  [1m[34mSELECT "schema_migrations"."version" FROM "schema_migrations" ORDER BY "schema_migrations"."version" ASC[0m
Processing by Rails::WelcomeController#index as HTML
  Rendering /Users/brianfreardon/.rbenv/versions/3.3.8/lib/ruby/gems/3.3.0/gems/railties-7.2.2.1/lib/rails/templates/rails/welcome/index.html.erb
  Rendered /Users/brianfreardon/.rbenv/versions/3.3.8/lib/ruby/gems/3.3.0/gems/railties-7.2.2.1/lib/rails/templates/rails/welcome/index.html.erb (Duration: 0.3ms | GC: 0.0ms)
Completed 200 OK in 7ms (Views: 2.2ms | ActiveRecord: 0.0ms (0 queries, 0 cached) | GC: 0.2ms)


Started GET "/api" for ::1 at 2025-07-19 10:40:44 -0700
  
ActionController::RoutingError (No route matches [GET] "/api"):
  
